<?xml version="1.0" encoding="UTF-8"?>
<!-- Generated by org.testng.reporters.JUnitReportReporter -->
<testsuite skipped="1" hostname="DESKTOP-CRRK2I4" name="saravana.Annamm" tests="2" failures="0" timestamp="2020-04-23T08:10:15 IST" time="2.347" errors="1">
  <testcase name="f" time="0.000" classname="saravana.Annamm">
    <skipped/>
  </testcase> <!-- f -->
  <testcase name="beforeClass" time="2.347" classname="saravana.Annamm">
    <error type="org.openqa.selenium.SessionNotCreatedException" message="session not created: This version of ChromeDriver only supports Chrome version 79
Build info: version: &#039;3.141.59&#039;, revision: &#039;e82be7d358&#039;, time: &#039;2018-11-14T08:25:48&#039;
System info: host: &#039;DESKTOP-CRRK2I4&#039;, ip: &#039;192.168.43.40&#039;, os.name: &#039;Windows 10&#039;, os.arch: &#039;amd64&#039;, os.version: &#039;10.0&#039;, java.version: &#039;1.8.0_241&#039;
Driver info: driver.version: ChromeDriver
remote stacktrace: Backtrace:
	Ordinal0 [0x0093A113+1548563]
	Ordinal0 [0x008BDDA1+1039777]
	Ordinal0 [0x0083E485+517253]
	Ordinal0 [0x007CFD34+64820]
	Ordinal0 [0x007CC61E+50718]
	Ordinal0 [0x007EB797+178071]
	Ordinal0 [0x007EB59D+177565]
	Ordinal0 [0x007E95FB+169467]
	Ordinal0 [0x007D160A+71178]
	Ordinal0 [0x007D2690+75408]
	Ordinal0 [0x007D2629+75305]
	Ordinal0 [0x008D71B7+1143223]
	GetHandleVerifier [0x009D2B46+507814]
	GetHandleVerifier [0x009D2864+507076]
	GetHandleVerifier [0x009D9F47+537511]
	GetHandleVerifier [0x009D3402+510050]
	Ordinal0 [0x008CF29C+1110684]
	Ordinal0 [0x008D938B+1151883]
	Ordinal0 [0x008D94F3+1152243]
	Ordinal0 [0x008D83F5+1147893]
	BaseThreadInitThunk [0x758D6359+25]
	RtlGetAppContainerNamedObjectPath [0x77E97B74+228]
	RtlGetAppContainerNamedObjectPath [0x77E97B44+180]
">
      <![CDATA[org.openqa.selenium.SessionNotCreatedException: session not created: This version of ChromeDriver only supports Chrome version 79
Build info: version: '3.141.59', revision: 'e82be7d358', time: '2018-11-14T08:25:48'
System info: host: 'DESKTOP-CRRK2I4', ip: '192.168.43.40', os.name: 'Windows 10', os.arch: 'amd64', os.version: '10.0', java.version: '1.8.0_241'
Driver info: driver.version: ChromeDriver
remote stacktrace: Backtrace:
Ordinal0 [0x0093A113+1548563]
Ordinal0 [0x008BDDA1+1039777]
Ordinal0 [0x0083E485+517253]
Ordinal0 [0x007CFD34+64820]
Ordinal0 [0x007CC61E+50718]
Ordinal0 [0x007EB797+178071]
Ordinal0 [0x007EB59D+177565]
Ordinal0 [0x007E95FB+169467]
Ordinal0 [0x007D160A+71178]
Ordinal0 [0x007D2690+75408]
Ordinal0 [0x007D2629+75305]
Ordinal0 [0x008D71B7+1143223]
GetHandleVerifier [0x009D2B46+507814]
GetHandleVerifier [0x009D2864+507076]
GetHandleVerifier [0x009D9F47+537511]
GetHandleVerifier [0x009D3402+510050]
Ordinal0 [0x008CF29C+1110684]
Ordinal0 [0x008D938B+1151883]
Ordinal0 [0x008D94F3+1152243]
Ordinal0 [0x008D83F5+1147893]
BaseThreadInitThunk [0x758D6359+25]
RtlGetAppContainerNamedObjectPath [0x77E97B74+228]
RtlGetAppContainerNamedObjectPath [0x77E97B44+180]

at sun.reflect.NativeConstructorAccessorImpl.newInstance0(Native Method)
at sun.reflect.NativeConstructorAccessorImpl.newInstance(Unknown Source)
at sun.reflect.DelegatingConstructorAccessorImpl.newInstance(Unknown Source)
at java.lang.reflect.Constructor.newInstance(Unknown Source)
at org.openqa.selenium.remote.W3CHandshakeResponse.lambda$errorHandler$0(W3CHandshakeResponse.java:62)
at org.openqa.selenium.remote.HandshakeResponse.lambda$getResponseFunction$0(HandshakeResponse.java:30)
at org.openqa.selenium.remote.ProtocolHandshake.lambda$createSession$0(ProtocolHandshake.java:126)
at java.util.stream.ReferencePipeline$3$1.accept(Unknown Source)
at java.util.Spliterators$ArraySpliterator.tryAdvance(Unknown Source)
at java.util.stream.ReferencePipeline.forEachWithCancel(Unknown Source)
at java.util.stream.AbstractPipeline.copyIntoWithCancel(Unknown Source)
at java.util.stream.AbstractPipeline.copyInto(Unknown Source)
at java.util.stream.AbstractPipeline.wrapAndCopyInto(Unknown Source)
at java.util.stream.FindOps$FindOp.evaluateSequential(Unknown Source)
at java.util.stream.AbstractPipeline.evaluate(Unknown Source)
at java.util.stream.ReferencePipeline.findFirst(Unknown Source)
at org.openqa.selenium.remote.ProtocolHandshake.createSession(ProtocolHandshake.java:128)
at org.openqa.selenium.remote.ProtocolHandshake.createSession(ProtocolHandshake.java:74)
at org.openqa.selenium.remote.HttpCommandExecutor.execute(HttpCommandExecutor.java:136)
at org.openqa.selenium.remote.service.DriverCommandExecutor.execute(DriverCommandExecutor.java:83)
at org.openqa.selenium.remote.RemoteWebDriver.execute(RemoteWebDriver.java:552)
at org.openqa.selenium.remote.RemoteWebDriver.startSession(RemoteWebDriver.java:213)
at org.openqa.selenium.remote.RemoteWebDriver.<init>(RemoteWebDriver.java:131)
at org.openqa.selenium.chrome.ChromeDriver.<init>(ChromeDriver.java:181)
at org.openqa.selenium.chrome.ChromeDriver.<init>(ChromeDriver.java:168)
at org.openqa.selenium.chrome.ChromeDriver.<init>(ChromeDriver.java:123)
at saravana.Annamm.beforeClass(Annamm.java:55)
at sun.reflect.NativeMethodAccessorImpl.invoke0(Native Method)
at sun.reflect.NativeMethodAccessorImpl.invoke(Unknown Source)
at sun.reflect.DelegatingMethodAccessorImpl.invoke(Unknown Source)
at java.lang.reflect.Method.invoke(Unknown Source)
at org.testng.internal.MethodInvocationHelper.invokeMethod(MethodInvocationHelper.java:133)
at org.testng.internal.MethodInvocationHelper.invokeMethodConsideringTimeout(MethodInvocationHelper.java:62)
at org.testng.internal.ConfigInvoker.invokeConfigurationMethod(ConfigInvoker.java:340)
at org.testng.internal.ConfigInvoker.invokeConfigurations(ConfigInvoker.java:294)
at org.testng.internal.TestMethodWorker.invokeBeforeClassMethods(TestMethodWorker.java:176)
at org.testng.internal.TestMethodWorker.run(TestMethodWorker.java:122)
at java.util.ArrayList.forEach(Unknown Source)
at org.testng.TestRunner.privateRun(TestRunner.java:770)
at org.testng.TestRunner.run(TestRunner.java:591)
at org.testng.SuiteRunner.runTest(SuiteRunner.java:402)
at org.testng.SuiteRunner.runSequentially(SuiteRunner.java:396)
at org.testng.SuiteRunner.privateRun(SuiteRunner.java:355)
at org.testng.SuiteRunner.run(SuiteRunner.java:304)
at org.testng.SuiteRunnerWorker.runSuite(SuiteRunnerWorker.java:53)
at org.testng.SuiteRunnerWorker.run(SuiteRunnerWorker.java:96)
at org.testng.TestNG.runSuitesSequentially(TestNG.java:1180)
at org.testng.TestNG.runSuitesLocally(TestNG.java:1102)
at org.testng.TestNG.runSuites(TestNG.java:1032)
at org.testng.TestNG.run(TestNG.java:1000)
at org.testng.remote.AbstractRemoteTestNG.run(AbstractRemoteTestNG.java:115)
at org.testng.remote.RemoteTestNG.initAndRun(RemoteTestNG.java:251)
at org.testng.remote.RemoteTestNG.main(RemoteTestNG.java:77)
]]>
    </error>
  </testcase> <!-- beforeClass -->
</testsuite> <!-- saravana.Annamm -->
